2024-02-19 23:22:01,680 :INFO :test_webpage1 : None,
2024-02-19 23:22:06,713 :DEBUG :test_webpage1 : Mobiles available are ['iphone X', 'Samsung Note 8', 'Nokia Edge', 'Blackberry'],
2024-02-19 23:22:06,714 :ERROR :test_webpage1 : sum of all mobiles is: 99.96,
2024-02-20 09:37:47,998 :INFO :test_webpage1 : None,
2024-02-20 09:38:23,764 :INFO :test_webpage1 : None,
2024-02-20 09:40:49,100 :INFO :test_webpage1 : None,
2024-02-20 09:45:47,262 :INFO :test_webpage1 : None,
2024-02-20 09:46:19,916 :INFO :test_webpage1 : None,
Hey,who are you
2024-02-20 09:47:43,129 :INFO :test_webpage1 : None,
2024-02-20 09:48:41,312 :INFO :test_webpage1 : None,
2024-02-20 09:48:45,851 :DEBUG :test_webpage1 : Mobiles available are ['iphone X', 'Samsung Note 8', 'Nokia Edge', 'Blackberry'],
2024-02-20 09:48:45,851 :ERROR :test_webpage1 : sum of all mobiles is: 99.96,
2024-02-20 09:59:22,270 :INFO :test_webpage1 : None,
2024-02-20 09:59:29,415 :DEBUG :test_webpage1 : Mobiles available are ['iphone X', 'Samsung Note 8', 'Nokia Edge', 'Blackberry'],
2024-02-20 09:59:29,416 :ERROR :test_webpage1 : sum of all mobiles is: 99.96,
2024-02-20 10:00:41,894 :INFO :test_webpage1 : None,
2024-02-20 10:00:46,480 :DEBUG :test_webpage1 : Mobiles available are ['iphone X', 'Samsung Note 8', 'Nokia Edge', 'Blackberry'],
2024-02-20 10:00:46,480 :ERROR :test_webpage1 : sum of all mobiles is: 99.96,
2024-02-20 21:44:53,181 :DEBUG :test_webpage1 : Mobiles available are ['iphone X', 'Samsung Note 8', 'Nokia Edge', 'Blackberry'],
2024-02-20 21:44:53,182 :ERROR :test_webpage1 : sum of all mobiles is: 99.96,
2024-02-21 18:50:45,457 :DEBUG :test_webpage1 : Mobiles available are ['iphone X', 'Samsung Note 8', 'Nokia Edge', 'Blackberry'],
2024-02-21 18:50:45,461 :ERROR :test_webpage1 : sum of all mobiles is: 99.96,
2024-02-21 18:52:22,303 :DEBUG :test_webpage1 : Mobiles available are ['iphone X', 'Samsung Note 8', 'Nokia Edge', 'Blackberry'],
2024-02-21 18:52:22,304 :ERROR :test_webpage1 : sum of all mobiles is: 99.96,
2024-02-21 19:00:07,388 :DEBUG :test_webpage1 : Mobiles available are ['iphone X', 'Samsung Note 8', 'Nokia Edge', 'Blackberry'],
2024-02-21 19:00:07,388 :ERROR :test_webpage1 : sum of all mobiles is: 99.96,
2024-02-21 19:07:19,484 :DEBUG :test_webpage1 : Mobiles available are ['iphone X', 'Samsung Note 8', 'Nokia Edge', 'Blackberry'],
2024-02-21 19:07:19,485 :ERROR :test_webpage1 : sum of all mobiles is: 99.96,
2024-02-21 19:23:55,362 :DEBUG :test_webpage1 : Mobiles available are ['iphone X', 'Samsung Note 8', 'Nokia Edge', 'Blackberry'],
2024-02-21 19:23:55,363 :ERROR :test_webpage1 : sum of all mobiles is: 99.96,
2024-02-21 19:25:11,530 :DEBUG :test_webpage1 : Mobiles available are ['iphone X', 'Samsung Note 8', 'Nokia Edge', 'Blackberry'],
2024-02-21 19:25:11,531 :ERROR :test_webpage1 : sum of all mobiles is: 99.96,
2024-02-21 19:26:21,354 :DEBUG :test_webpage1 : Mobiles available are ['iphone X', 'Samsung Note 8', 'Nokia Edge', 'Blackberry'],
2024-02-21 19:26:21,355 :ERROR :test_webpage1 : sum of all mobiles is: 99.96,
2024-02-21 19:32:24,401 :DEBUG :test_webpage1 : Mobiles available are ['iphone X', 'Samsung Note 8', 'Nokia Edge', 'Blackberry'],
2024-02-21 19:32:24,402 :ERROR :test_webpage1 : sum of all mobiles is: 99.96,
2024-02-21 19:36:48,246 :DEBUG :test_webpage1 : Mobiles available are ['iphone X', 'Samsung Note 8', 'Nokia Edge', 'Blackberry'],
2024-02-21 19:36:48,247 :ERROR :test_webpage1 : sum of all mobiles is: 99.96,
2024-02-21 19:36:48,257 :DEBUG :test_webpage1 : <selenium.webdriver.remote.webelement.WebElement (session="1f92eae5-6235-4869-ac14-d2c7f728e323", element="75f5dda1-e2b5-4089-bd06-f6f44b27908c")>,
2024-02-21 19:44:50,448 :DEBUG :test_webpage1 : Mobiles available are ['iphone X', 'Samsung Note 8', 'Nokia Edge', 'Blackberry'],
2024-02-21 19:44:50,449 :ERROR :test_webpage1 : sum of all mobiles is: 99.96,
2024-02-21 19:44:50,455 :DEBUG :test_webpage1 : [<selenium.webdriver.remote.webelement.WebElement (session="7e55a85b-6265-4572-89ab-6fa504547092", element="9170ae75-a442-404d-99ca-e195174bd336")>, <selenium.webdriver.remote.webelement.WebElement (session="7e55a85b-6265-4572-89ab-6fa504547092", element="c374e460-ce8e-4e44-877a-a5ae02cccc4b")>, <selenium.webdriver.remote.webelement.WebElement (session="7e55a85b-6265-4572-89ab-6fa504547092", element="a8818766-b01c-4425-910e-3594fb27c7ae")>, <selenium.webdriver.remote.webelement.WebElement (session="7e55a85b-6265-4572-89ab-6fa504547092", element="3f5a5a07-b747-4f89-b90a-36c8c6d17890")>],
2024-02-21 19:44:50,456 :DEBUG :test_webpage1 : 4,
2024-02-21 19:50:46,696 :DEBUG :test_webpage1 : Mobiles available are ['iphone X', 'Samsung Note 8', 'Nokia Edge', 'Blackberry'],
2024-02-21 19:50:46,697 :ERROR :test_webpage1 : sum of all mobiles is: 99.96,
2024-02-21 19:50:46,706 :DEBUG :test_webpage1 : [<selenium.webdriver.remote.webelement.WebElement (session="1162accd-e6a3-4115-b58f-eede37a7b64f", element="813f4a9b-da19-46b5-9563-74be817fb99f")>, <selenium.webdriver.remote.webelement.WebElement (session="1162accd-e6a3-4115-b58f-eede37a7b64f", element="77cede1e-e9e4-4064-aa22-1967d20550a8")>, <selenium.webdriver.remote.webelement.WebElement (session="1162accd-e6a3-4115-b58f-eede37a7b64f", element="7f3e1893-57a8-433e-9c39-4aca164e3436")>, <selenium.webdriver.remote.webelement.WebElement (session="1162accd-e6a3-4115-b58f-eede37a7b64f", element="8d0836b3-1c32-43ff-af3b-38b97ca606b2")>],
2024-02-21 19:50:46,706 :DEBUG :test_webpage1 : 4,
2024-02-21 19:56:22,560 :DEBUG :test_webpage1 : Mobiles available are ['iphone X', 'Samsung Note 8', 'Nokia Edge', 'Blackberry'],
2024-02-21 19:56:22,561 :ERROR :test_webpage1 : sum of all mobiles is: 99.96,
2024-02-21 19:56:22,584 :DEBUG :test_webpage1 : [<selenium.webdriver.remote.webelement.WebElement (session="bb85df0e8b062068f9b803245754a6c7", element="C54AE6D5E28DFE9E0206D37DF0B51A29_element_88")>, <selenium.webdriver.remote.webelement.WebElement (session="bb85df0e8b062068f9b803245754a6c7", element="C54AE6D5E28DFE9E0206D37DF0B51A29_element_89")>, <selenium.webdriver.remote.webelement.WebElement (session="bb85df0e8b062068f9b803245754a6c7", element="C54AE6D5E28DFE9E0206D37DF0B51A29_element_90")>, <selenium.webdriver.remote.webelement.WebElement (session="bb85df0e8b062068f9b803245754a6c7", element="C54AE6D5E28DFE9E0206D37DF0B51A29_element_91")>],
2024-02-21 19:56:22,585 :DEBUG :test_webpage1 : 4,
2024-02-21 19:59:29,305 :DEBUG :test_webpage1 : Mobiles available are ['iphone X', 'Samsung Note 8', 'Nokia Edge', 'Blackberry'],
2024-02-21 19:59:29,306 :ERROR :test_webpage1 : sum of all mobiles is: 99.96,
2024-02-21 19:59:29,325 :DEBUG :test_webpage1 : [<selenium.webdriver.remote.webelement.WebElement (session="833792118304b2f1ec4315cbf5d0f873", element="8C0E055ED16FFEAE9710E9EAD1DF96F7_element_88")>, <selenium.webdriver.remote.webelement.WebElement (session="833792118304b2f1ec4315cbf5d0f873", element="8C0E055ED16FFEAE9710E9EAD1DF96F7_element_89")>, <selenium.webdriver.remote.webelement.WebElement (session="833792118304b2f1ec4315cbf5d0f873", element="8C0E055ED16FFEAE9710E9EAD1DF96F7_element_90")>, <selenium.webdriver.remote.webelement.WebElement (session="833792118304b2f1ec4315cbf5d0f873", element="8C0E055ED16FFEAE9710E9EAD1DF96F7_element_91")>],
2024-02-21 19:59:29,325 :DEBUG :test_webpage1 : 4,
2024-02-21 22:12:51,853 :DEBUG :test_webpage1 : Mobiles available are ['iphone X', 'Samsung Note 8', 'Nokia Edge', 'Blackberry'],
2024-02-21 22:12:51,855 :ERROR :test_webpage1 : sum of all mobiles is: 99.96,
2024-02-21 22:12:51,867 :DEBUG :test_webpage1 : [<selenium.webdriver.remote.webelement.WebElement (session="44c82c39eb0043f0be95c39eec6f1a88", element="9AC9497DE00E69A1E1BA06207B982435_element_90")>, <selenium.webdriver.remote.webelement.WebElement (session="44c82c39eb0043f0be95c39eec6f1a88", element="9AC9497DE00E69A1E1BA06207B982435_element_91")>, <selenium.webdriver.remote.webelement.WebElement (session="44c82c39eb0043f0be95c39eec6f1a88", element="9AC9497DE00E69A1E1BA06207B982435_element_92")>, <selenium.webdriver.remote.webelement.WebElement (session="44c82c39eb0043f0be95c39eec6f1a88", element="9AC9497DE00E69A1E1BA06207B982435_element_93")>],
2024-02-21 22:12:51,868 :DEBUG :test_webpage1 : 4,
2024-02-21 23:31:56,833 :DEBUG :test_webpage1 : Mobiles available are ['iphone X', 'Samsung Note 8', 'Nokia Edge', 'Blackberry'],
2024-02-21 23:31:56,834 :ERROR :test_webpage1 : sum of all mobiles is: 99.96,
2024-02-21 23:31:56,839 :DEBUG :test_webpage1 : [<selenium.webdriver.remote.webelement.WebElement (session="01dab2cc-625b-4528-9230-6765c87f86eb", element="6847df3d-700c-408b-b01b-2fd23b0f368c")>, <selenium.webdriver.remote.webelement.WebElement (session="01dab2cc-625b-4528-9230-6765c87f86eb", element="395ac33e-a21b-4bc8-8ce4-d3fa990d0621")>, <selenium.webdriver.remote.webelement.WebElement (session="01dab2cc-625b-4528-9230-6765c87f86eb", element="0bdf24d1-cb1f-4ce5-88ce-6b99516abe74")>, <selenium.webdriver.remote.webelement.WebElement (session="01dab2cc-625b-4528-9230-6765c87f86eb", element="8ab2d5ef-13ae-4261-985d-ce257165d56a")>],
2024-02-21 23:31:56,840 :DEBUG :test_webpage1 : 4,
2024-02-21 23:32:13,602 :DEBUG :test_webpage1 : Mobiles available are ['iphone X', 'Samsung Note 8', 'Nokia Edge', 'Blackberry', 'iphone X', 'Samsung Note 8', 'Nokia Edge', 'Blackberry'],
2024-02-21 23:32:13,602 :DEBUG :test_webpage1 : Mobiles available are ['iphone X', 'Samsung Note 8', 'Nokia Edge', 'Blackberry', 'iphone X', 'Samsung Note 8', 'Nokia Edge', 'Blackberry'],
2024-02-21 23:32:13,603 :ERROR :test_webpage1 : sum of all mobiles is: 199.92000000000002,
2024-02-21 23:32:13,603 :ERROR :test_webpage1 : sum of all mobiles is: 199.92000000000002,
2024-02-21 23:32:13,608 :DEBUG :test_webpage1 : [<selenium.webdriver.remote.webelement.WebElement (session="01dab2cc-625b-4528-9230-6765c87f86eb", element="fc270443-1431-495b-bb5b-28656dc1136d")>, <selenium.webdriver.remote.webelement.WebElement (session="01dab2cc-625b-4528-9230-6765c87f86eb", element="85c8ee4d-94e7-4254-8732-04337020f4e5")>, <selenium.webdriver.remote.webelement.WebElement (session="01dab2cc-625b-4528-9230-6765c87f86eb", element="84a31b40-8354-4c96-b7a1-b2bb51088d7c")>, <selenium.webdriver.remote.webelement.WebElement (session="01dab2cc-625b-4528-9230-6765c87f86eb", element="5bf1eb1e-a97c-4de3-b371-591025ae7e13")>],
2024-02-21 23:32:13,608 :DEBUG :test_webpage1 : [<selenium.webdriver.remote.webelement.WebElement (session="01dab2cc-625b-4528-9230-6765c87f86eb", element="fc270443-1431-495b-bb5b-28656dc1136d")>, <selenium.webdriver.remote.webelement.WebElement (session="01dab2cc-625b-4528-9230-6765c87f86eb", element="85c8ee4d-94e7-4254-8732-04337020f4e5")>, <selenium.webdriver.remote.webelement.WebElement (session="01dab2cc-625b-4528-9230-6765c87f86eb", element="84a31b40-8354-4c96-b7a1-b2bb51088d7c")>, <selenium.webdriver.remote.webelement.WebElement (session="01dab2cc-625b-4528-9230-6765c87f86eb", element="5bf1eb1e-a97c-4de3-b371-591025ae7e13")>],
2024-02-21 23:32:13,608 :DEBUG :test_webpage1 : 4,
2024-02-21 23:32:13,608 :DEBUG :test_webpage1 : 4,
2024-02-22 11:47:30,488 :DEBUG :test_webpage1 : Mobiles available are ['iphone X', 'Samsung Note 8', 'Nokia Edge', 'Blackberry'],
2024-02-22 11:47:30,489 :ERROR :test_webpage1 : sum of all mobiles is: 99.96,
2024-02-22 11:47:30,492 :DEBUG :test_webpage1 : [<selenium.webdriver.remote.webelement.WebElement (session="844c17ea-9254-453e-89eb-084b376a468c", element="ce46dcf8-ff11-44da-ba63-45f60b804615")>, <selenium.webdriver.remote.webelement.WebElement (session="844c17ea-9254-453e-89eb-084b376a468c", element="796919c2-f967-42dc-9947-fe8e289ec83d")>, <selenium.webdriver.remote.webelement.WebElement (session="844c17ea-9254-453e-89eb-084b376a468c", element="3cec8a68-c758-4e4b-8665-d01cae6c09e9")>, <selenium.webdriver.remote.webelement.WebElement (session="844c17ea-9254-453e-89eb-084b376a468c", element="9b8d9e6f-6627-47b3-8dec-4d258603c670")>],
2024-02-22 11:47:30,492 :DEBUG :test_webpage1 : 4,
2024-02-22 11:47:41,226 :DEBUG :test_webpage1 : Mobiles available are ['iphone X', 'Samsung Note 8', 'Nokia Edge', 'Blackberry', 'iphone X', 'Samsung Note 8', 'Nokia Edge', 'Blackberry'],
2024-02-22 11:47:41,226 :DEBUG :test_webpage1 : Mobiles available are ['iphone X', 'Samsung Note 8', 'Nokia Edge', 'Blackberry', 'iphone X', 'Samsung Note 8', 'Nokia Edge', 'Blackberry'],
2024-02-22 11:47:41,226 :ERROR :test_webpage1 : sum of all mobiles is: 199.92000000000002,
2024-02-22 11:47:41,226 :ERROR :test_webpage1 : sum of all mobiles is: 199.92000000000002,
2024-02-22 11:47:41,230 :DEBUG :test_webpage1 : [<selenium.webdriver.remote.webelement.WebElement (session="844c17ea-9254-453e-89eb-084b376a468c", element="71265959-8673-4104-952e-19acbc80d6c0")>, <selenium.webdriver.remote.webelement.WebElement (session="844c17ea-9254-453e-89eb-084b376a468c", element="366eecec-2b23-4191-adb0-6e2f8341876d")>, <selenium.webdriver.remote.webelement.WebElement (session="844c17ea-9254-453e-89eb-084b376a468c", element="ab4aca46-38d2-4f8d-aec1-762b0593c150")>, <selenium.webdriver.remote.webelement.WebElement (session="844c17ea-9254-453e-89eb-084b376a468c", element="463f846b-4711-4614-96d1-d434e22843a8")>],
2024-02-22 11:47:41,230 :DEBUG :test_webpage1 : [<selenium.webdriver.remote.webelement.WebElement (session="844c17ea-9254-453e-89eb-084b376a468c", element="71265959-8673-4104-952e-19acbc80d6c0")>, <selenium.webdriver.remote.webelement.WebElement (session="844c17ea-9254-453e-89eb-084b376a468c", element="366eecec-2b23-4191-adb0-6e2f8341876d")>, <selenium.webdriver.remote.webelement.WebElement (session="844c17ea-9254-453e-89eb-084b376a468c", element="ab4aca46-38d2-4f8d-aec1-762b0593c150")>, <selenium.webdriver.remote.webelement.WebElement (session="844c17ea-9254-453e-89eb-084b376a468c", element="463f846b-4711-4614-96d1-d434e22843a8")>],
2024-02-22 11:47:41,230 :DEBUG :test_webpage1 : 4,
2024-02-22 11:47:41,230 :DEBUG :test_webpage1 : 4,
2024-02-22 12:56:09,221 :DEBUG :test_webpage1 : Mobiles available are ['iphone X', 'Samsung Note 8', 'Nokia Edge', 'Blackberry'],
2024-02-22 12:56:09,221 :ERROR :test_webpage1 : sum of all mobiles is: 99.96,
2024-02-22 12:56:09,237 :DEBUG :test_webpage1 : [<selenium.webdriver.remote.webelement.WebElement (session="2dcd8811-7659-4f98-bc2c-007b1e3e9ff8", element="5659857a-7ae8-4d03-83fa-b866e8dedbeb")>, <selenium.webdriver.remote.webelement.WebElement (session="2dcd8811-7659-4f98-bc2c-007b1e3e9ff8", element="d9a47c14-8553-4076-87eb-b15a8d3cb939")>, <selenium.webdriver.remote.webelement.WebElement (session="2dcd8811-7659-4f98-bc2c-007b1e3e9ff8", element="0aec532f-a864-4573-88a5-85f0f549e91c")>, <selenium.webdriver.remote.webelement.WebElement (session="2dcd8811-7659-4f98-bc2c-007b1e3e9ff8", element="d6a88237-49bb-45cc-b1fc-2153d69b03e2")>],
2024-02-22 12:56:09,238 :DEBUG :test_webpage1 : 4,
2024-02-22 12:56:19,980 :DEBUG :test_webpage1 : Mobiles available are ['iphone X', 'Samsung Note 8', 'Nokia Edge', 'Blackberry', 'iphone X', 'Samsung Note 8', 'Nokia Edge', 'Blackberry'],
2024-02-22 12:56:19,980 :DEBUG :test_webpage1 : Mobiles available are ['iphone X', 'Samsung Note 8', 'Nokia Edge', 'Blackberry', 'iphone X', 'Samsung Note 8', 'Nokia Edge', 'Blackberry'],
2024-02-22 12:56:19,980 :ERROR :test_webpage1 : sum of all mobiles is: 199.92000000000002,
2024-02-22 12:56:19,980 :ERROR :test_webpage1 : sum of all mobiles is: 199.92000000000002,
2024-02-22 12:56:19,983 :DEBUG :test_webpage1 : [<selenium.webdriver.remote.webelement.WebElement (session="2dcd8811-7659-4f98-bc2c-007b1e3e9ff8", element="e900667e-3833-4d59-8816-e66d0b9ffb93")>, <selenium.webdriver.remote.webelement.WebElement (session="2dcd8811-7659-4f98-bc2c-007b1e3e9ff8", element="96b5f6c8-7ca1-4e24-97e6-3379641f5b0c")>, <selenium.webdriver.remote.webelement.WebElement (session="2dcd8811-7659-4f98-bc2c-007b1e3e9ff8", element="9fef10d8-d8fb-4e17-a7b7-47a38a59ba95")>, <selenium.webdriver.remote.webelement.WebElement (session="2dcd8811-7659-4f98-bc2c-007b1e3e9ff8", element="06efbc6c-2d42-40bb-bf42-26ad34a8fa6a")>],
2024-02-22 12:56:19,983 :DEBUG :test_webpage1 : [<selenium.webdriver.remote.webelement.WebElement (session="2dcd8811-7659-4f98-bc2c-007b1e3e9ff8", element="e900667e-3833-4d59-8816-e66d0b9ffb93")>, <selenium.webdriver.remote.webelement.WebElement (session="2dcd8811-7659-4f98-bc2c-007b1e3e9ff8", element="96b5f6c8-7ca1-4e24-97e6-3379641f5b0c")>, <selenium.webdriver.remote.webelement.WebElement (session="2dcd8811-7659-4f98-bc2c-007b1e3e9ff8", element="9fef10d8-d8fb-4e17-a7b7-47a38a59ba95")>, <selenium.webdriver.remote.webelement.WebElement (session="2dcd8811-7659-4f98-bc2c-007b1e3e9ff8", element="06efbc6c-2d42-40bb-bf42-26ad34a8fa6a")>],
2024-02-22 12:56:19,984 :DEBUG :test_webpage1 : 4,
2024-02-22 12:56:19,984 :DEBUG :test_webpage1 : 4,
2024-02-22 13:05:45,520 :DEBUG :test_webpage1 : Mobiles available are ['iphone X', 'Samsung Note 8', 'Nokia Edge', 'Blackberry'],
2024-02-22 13:05:45,521 :ERROR :test_webpage1 : sum of all mobiles is: 99.96,
2024-02-22 13:05:45,524 :DEBUG :test_webpage1 : [<selenium.webdriver.remote.webelement.WebElement (session="f6454bf9-294a-481e-86e7-e71f7918c73a", element="6fc0a55c-4ac4-4d72-a0dd-b898ea2739ef")>, <selenium.webdriver.remote.webelement.WebElement (session="f6454bf9-294a-481e-86e7-e71f7918c73a", element="e36a6979-59d9-417c-8da6-7d6bff720c1b")>, <selenium.webdriver.remote.webelement.WebElement (session="f6454bf9-294a-481e-86e7-e71f7918c73a", element="2999735d-bfc5-43a3-acb9-e70d5921c4eb")>, <selenium.webdriver.remote.webelement.WebElement (session="f6454bf9-294a-481e-86e7-e71f7918c73a", element="305627aa-517b-4e12-8fe5-f76741ac7ef6")>],
2024-02-22 13:05:45,524 :DEBUG :test_webpage1 : 4,
2024-02-22 13:05:56,182 :DEBUG :test_webpage1 : Mobiles available are ['iphone X', 'Samsung Note 8', 'Nokia Edge', 'Blackberry', 'iphone X', 'Samsung Note 8', 'Nokia Edge', 'Blackberry'],
2024-02-22 13:05:56,182 :DEBUG :test_webpage1 : Mobiles available are ['iphone X', 'Samsung Note 8', 'Nokia Edge', 'Blackberry', 'iphone X', 'Samsung Note 8', 'Nokia Edge', 'Blackberry'],
2024-02-22 13:05:56,182 :ERROR :test_webpage1 : sum of all mobiles is: 199.92000000000002,
2024-02-22 13:05:56,182 :ERROR :test_webpage1 : sum of all mobiles is: 199.92000000000002,
2024-02-22 13:05:56,185 :DEBUG :test_webpage1 : [<selenium.webdriver.remote.webelement.WebElement (session="f6454bf9-294a-481e-86e7-e71f7918c73a", element="3135c7fe-9005-4bc5-8206-641ec803cafb")>, <selenium.webdriver.remote.webelement.WebElement (session="f6454bf9-294a-481e-86e7-e71f7918c73a", element="8f3201ee-cb01-4c80-89d1-a2f4fdf83484")>, <selenium.webdriver.remote.webelement.WebElement (session="f6454bf9-294a-481e-86e7-e71f7918c73a", element="fee6a9df-a26e-4363-bd7d-53fa3389b5d4")>, <selenium.webdriver.remote.webelement.WebElement (session="f6454bf9-294a-481e-86e7-e71f7918c73a", element="4ef40823-a480-4215-80e8-c513364acaa7")>],
2024-02-22 13:05:56,185 :DEBUG :test_webpage1 : [<selenium.webdriver.remote.webelement.WebElement (session="f6454bf9-294a-481e-86e7-e71f7918c73a", element="3135c7fe-9005-4bc5-8206-641ec803cafb")>, <selenium.webdriver.remote.webelement.WebElement (session="f6454bf9-294a-481e-86e7-e71f7918c73a", element="8f3201ee-cb01-4c80-89d1-a2f4fdf83484")>, <selenium.webdriver.remote.webelement.WebElement (session="f6454bf9-294a-481e-86e7-e71f7918c73a", element="fee6a9df-a26e-4363-bd7d-53fa3389b5d4")>, <selenium.webdriver.remote.webelement.WebElement (session="f6454bf9-294a-481e-86e7-e71f7918c73a", element="4ef40823-a480-4215-80e8-c513364acaa7")>],
2024-02-22 13:05:56,185 :DEBUG :test_webpage1 : 4,
2024-02-22 13:05:56,185 :DEBUG :test_webpage1 : 4,
2024-02-28 20:06:01,761 :DEBUG :test_webpage1 : Mobiles available are ['iphone X', 'Samsung Note 8', 'Nokia Edge', 'Blackberry'],
2024-02-28 20:06:01,762 :ERROR :test_webpage1 : sum of all mobiles is: 99.96,
2024-02-28 20:06:01,769 :DEBUG :test_webpage1 : [<selenium.webdriver.remote.webelement.WebElement (session="6770ec9453d019130cdbc8aa591f6d19", element="121F64D282224FF21E804F1077DB7936_element_88")>, <selenium.webdriver.remote.webelement.WebElement (session="6770ec9453d019130cdbc8aa591f6d19", element="121F64D282224FF21E804F1077DB7936_element_89")>, <selenium.webdriver.remote.webelement.WebElement (session="6770ec9453d019130cdbc8aa591f6d19", element="121F64D282224FF21E804F1077DB7936_element_90")>, <selenium.webdriver.remote.webelement.WebElement (session="6770ec9453d019130cdbc8aa591f6d19", element="121F64D282224FF21E804F1077DB7936_element_91")>],
2024-02-28 20:06:01,770 :DEBUG :test_webpage1 : 4,
2024-02-28 20:06:10,273 :DEBUG :test_webpage1 : Mobiles available are ['iphone X', 'Samsung Note 8', 'Nokia Edge', 'Blackberry', 'iphone X', 'Samsung Note 8', 'Nokia Edge', 'Blackberry'],
2024-02-28 20:06:10,273 :DEBUG :test_webpage1 : Mobiles available are ['iphone X', 'Samsung Note 8', 'Nokia Edge', 'Blackberry', 'iphone X', 'Samsung Note 8', 'Nokia Edge', 'Blackberry'],
2024-02-28 20:06:10,274 :ERROR :test_webpage1 : sum of all mobiles is: 199.92000000000002,
2024-02-28 20:06:10,274 :ERROR :test_webpage1 : sum of all mobiles is: 199.92000000000002,
2024-02-28 20:06:10,280 :DEBUG :test_webpage1 : [<selenium.webdriver.remote.webelement.WebElement (session="6770ec9453d019130cdbc8aa591f6d19", element="0E28B11D935F8C25DCCF44F521776FCF_element_191")>, <selenium.webdriver.remote.webelement.WebElement (session="6770ec9453d019130cdbc8aa591f6d19", element="0E28B11D935F8C25DCCF44F521776FCF_element_192")>, <selenium.webdriver.remote.webelement.WebElement (session="6770ec9453d019130cdbc8aa591f6d19", element="0E28B11D935F8C25DCCF44F521776FCF_element_193")>, <selenium.webdriver.remote.webelement.WebElement (session="6770ec9453d019130cdbc8aa591f6d19", element="0E28B11D935F8C25DCCF44F521776FCF_element_194")>],
2024-02-28 20:06:10,280 :DEBUG :test_webpage1 : [<selenium.webdriver.remote.webelement.WebElement (session="6770ec9453d019130cdbc8aa591f6d19", element="0E28B11D935F8C25DCCF44F521776FCF_element_191")>, <selenium.webdriver.remote.webelement.WebElement (session="6770ec9453d019130cdbc8aa591f6d19", element="0E28B11D935F8C25DCCF44F521776FCF_element_192")>, <selenium.webdriver.remote.webelement.WebElement (session="6770ec9453d019130cdbc8aa591f6d19", element="0E28B11D935F8C25DCCF44F521776FCF_element_193")>, <selenium.webdriver.remote.webelement.WebElement (session="6770ec9453d019130cdbc8aa591f6d19", element="0E28B11D935F8C25DCCF44F521776FCF_element_194")>],
2024-02-28 20:06:10,281 :DEBUG :test_webpage1 : 4,
2024-02-28 20:06:10,281 :DEBUG :test_webpage1 : 4,
